1. Tweet: New music! Check out "Made Up Post" off of our new album Permanent Sound! https://t.co/0VQ0a3nYxY
Created at: Sun Jun 24 16:52:53 +0000 2018 
2. Tweet: @NicePriceBooks @hollowxhymns DRUM MACHINE WILL NEVER DIE BUT YOU WILL
Created at: Thu May 17 23:01:58 +0000 2018 
3. Tweet: @suhhseal Lonely lonely privatized space crafts I call home
Created at: Mon May 14 14:08:56 +0000 2018 
4. Tweet: @suhhseal Guitars, Teslas, etc.
Created at: Mon May 14 14:03:09 +0000 2018 
5. Tweet: The Born Agains tonight at Slims! Live and on stage and screen!
Created at: Sat May 05 00:28:22 +0000 2018 
6. Tweet: Love to think about the well adjusted person leaving this on people’s cars at the park. (Not my car! I’m always “ge… https://t.co/chnYaOi4q8
Created at: Sun Apr 15 14:15:41 +0000 2018 
7. Tweet: MIDI data? More like “My Intelligence Doubles Itself Every Time I Figure Out How This Shit Works” data
Created at: Sat Apr 14 15:46:10 +0000 2018 
8. Tweet: Excited to be playing with @Ganserband in 3 weeks (May 4th) at @SlimsRaleigh. Check out their music at… https://t.co/HvsITlVZlY
Created at: Fri Apr 13 14:42:05 +0000 2018 
9. Tweet: RT @signifyingwolf: Lyric book will be published. https://t.co/JOYP6vpiPn
Created at: Mon Apr 09 21:58:34 +0000 2018 
10. Tweet: Premade Marg mix?
Created at: Sun Apr 08 00:24:33 +0000 2018 
1. Tweet: New music! Check out "Made Up Post" off of our new album Permanent Sound! https://t.co/0VQ0a3nYxY
Created at: Sun Jun 24 16:52:53 +0000 2018 
2. Tweet: @NicePriceBooks @hollowxhymns DRUM MACHINE WILL NEVER DIE BUT YOU WILL
Created at: Thu May 17 23:01:58 +0000 2018 
3. Tweet: @suhhseal Lonely lonely privatized space crafts I call home
Created at: Mon May 14 14:08:56 +0000 2018 
4. Tweet: @suhhseal Guitars, Teslas, etc.
Created at: Mon May 14 14:03:09 +0000 2018 
5. Tweet: The Born Agains tonight at Slims! Live and on stage and screen!
Created at: Sat May 05 00:28:22 +0000 2018 
6. Tweet: Love to think about the well adjusted person leaving this on people’s cars at the park. (Not my car! I’m always “ge… https://t.co/chnYaOi4q8
Created at: Sun Apr 15 14:15:41 +0000 2018 
7. Tweet: MIDI data? More like “My Intelligence Doubles Itself Every Time I Figure Out How This Shit Works” data
Created at: Sat Apr 14 15:46:10 +0000 2018 
8. Tweet: Excited to be playing with @Ganserband in 3 weeks (May 4th) at @SlimsRaleigh. Check out their music at… https://t.co/HvsITlVZlY
Created at: Fri Apr 13 14:42:05 +0000 2018 
9. Tweet: RT @signifyingwolf: Lyric book will be published. https://t.co/JOYP6vpiPn
Created at: Mon Apr 09 21:58:34 +0000 2018 
10. Tweet: Premade Marg mix?
Created at: Sun Apr 08 00:24:33 +0000 2018 
